<?xml version="1.0" encoding="UTF-8"?>
<!-- Generated by org.testng.reporters.JUnitReportReporter -->
<<<<<<< HEAD
<testsuite skipped="0" hostname="DESKTOP-A6N9SAN" name="testScripts.Motorcycle.EnterProductData" tests="30" failures="0" timestamp="21 Aug 2020 10:28:15 GMT" time="3.021" errors="0">
  <testcase name="isStartDateTextBoxVisible" time="0.018" classname="testScripts.Motorcycle.EnterProductData"/>
  <testcase name="validInsuranceDropDown" time="0.084" classname="testScripts.Motorcycle.EnterProductData"/>
  <testcase name="isNextButtonVisible" time="0.018" classname="testScripts.Motorcycle.EnterProductData"/>
  <testcase name="hobbiesOptionsVisible" time="0.145" classname="testScripts.Motorcycle.EnterProductData"/>
  <testcase name="hobbiesOptionsVisible" time="0.141" classname="testScripts.Motorcycle.EnterProductData"/>
  <testcase name="hobbiesOptionsVisible" time="0.178" classname="testScripts.Motorcycle.EnterProductData"/>
  <testcase name="verifyOnClickPrevButton" time="0.210" classname="testScripts.Motorcycle.EnterProductData"/>
  <testcase name="isInsuranceSumDropDownVisible" time="0.017" classname="testScripts.Motorcycle.EnterProductData"/>
  <testcase name="isStartDateLabelVisible" time="0.038" classname="testScripts.Motorcycle.EnterProductData"/>
  <testcase name="validStartDateText" time="0.320" classname="testScripts.Motorcycle.EnterProductData"/>
  <testcase name="damageInsuranceOptionsVisible" time="0.197" classname="testScripts.Motorcycle.EnterProductData"/>
  <testcase name="damageInsuranceLabelVisible" time="0.018" classname="testScripts.Motorcycle.EnterProductData"/>
  <testcase name="isPrevButtonVisible" time="0.019" classname="testScripts.Motorcycle.EnterProductData"/>
  <testcase name="hobbiesOptionsVisible" time="0.141" classname="testScripts.Motorcycle.EnterProductData"/>
  <testcase name="hobbiesOptionsVisible" time="0.184" classname="testScripts.Motorcycle.EnterProductData"/>
  <testcase name="isOptionalProductTextBoxVisible" time="0.022" classname="testScripts.Motorcycle.EnterProductData"/>
  <testcase name="damageInsuranceOptionsVisible" time="0.147" classname="testScripts.Motorcycle.EnterProductData"/>
  <testcase name="isCalendarButtonClickable" time="0.094" classname="testScripts.Motorcycle.EnterProductData"/>
  <testcase name="hobbiesOptionsVisible" time="0.142" classname="testScripts.Motorcycle.EnterProductData"/>
  <testcase name="hobbiesOptionsVisible" time="0.139" classname="testScripts.Motorcycle.EnterProductData"/>
  <testcase name="verifyNextButtonText" time="0.033" classname="testScripts.Motorcycle.EnterProductData"/>
  <testcase name="isOptionalProductsLabelVisible" time="0.017" classname="testScripts.Motorcycle.EnterProductData"/>
  <testcase name="hobbiesOptionsVisible" time="0.140" classname="testScripts.Motorcycle.EnterProductData"/>
  <testcase name="damageInsuranceOptionsVisible" time="0.144" classname="testScripts.Motorcycle.EnterProductData"/>
  <testcase name="hobbiesOptionsVisible" time="0.140" classname="testScripts.Motorcycle.EnterProductData"/>
  <testcase name="validDamageInsuranceDropDownSelection" time="0.103" classname="testScripts.Motorcycle.EnterProductData"/>
  <testcase name="checkNextLabelInsSum" time="0.084" classname="testScripts.Motorcycle.EnterProductData"/>
  <testcase name="isInsuranceSumLabelVisible" time="0.020" classname="testScripts.Motorcycle.EnterProductData"/>
  <testcase name="isDamageInsuranceDropDownVisible" time="0.030" classname="testScripts.Motorcycle.EnterProductData"/>
  <testcase name="verifyPrevButtonText" time="0.038" classname="testScripts.Motorcycle.EnterProductData"/>
=======
<testsuite hostname="a" name="testScripts.Motorcycle.EnterProductData" tests="20" failures="0" timestamp="21 Aug 2020 09:48:09 GMT" time="2.422" errors="4">
  <testcase name="hobbiesOptionsVisible" time="0.000" classname="testScripts.Motorcycle.EnterProductData">
    <error type="org.testng.TestNGException" message="
Data Provider public java.lang.String[] testScripts.Motorcycle.EnterProductData.insuranceSumOptions() throws java.io.IOException must return either Object[][] or Iterator&lt;Object&gt;[], not class [Ljava.lang.String;">
      <![CDATA[org.testng.TestNGException: 
Data Provider public java.lang.String[] testScripts.Motorcycle.EnterProductData.insuranceSumOptions() throws java.io.IOException must return either Object[][] or Iterator<Object>[], not class [Ljava.lang.String;
	at org.testng.internal.MethodInvocationHelper.invokeDataProvider(MethodInvocationHelper.java:157)
	at org.testng.internal.Parameters.handleParameters(Parameters.java:430)
	at org.testng.internal.Invoker.handleParameters(Invoker.java:1243)
	at org.testng.internal.Invoker.createParameters(Invoker.java:992)
	at org.testng.internal.Invoker.invokeTestMethods(Invoker.java:1082)
	at org.testng.internal.TestMethodWorker.invokeTestMethods(TestMethodWorker.java:129)
	at org.testng.internal.TestMethodWorker.run(TestMethodWorker.java:112)
	at org.testng.TestRunner.privateRun(TestRunner.java:778)
	at org.testng.TestRunner.run(TestRunner.java:632)
	at org.testng.SuiteRunner.runTest(SuiteRunner.java:366)
	at org.testng.SuiteRunner.runSequentially(SuiteRunner.java:361)
	at org.testng.SuiteRunner.privateRun(SuiteRunner.java:319)
	at org.testng.SuiteRunner.run(SuiteRunner.java:268)
	at org.testng.SuiteRunnerWorker.runSuite(SuiteRunnerWorker.java:52)
	at org.testng.SuiteRunnerWorker.run(SuiteRunnerWorker.java:86)
	at org.testng.TestNG.runSuitesSequentially(TestNG.java:1225)
	at org.testng.TestNG.runSuitesLocally(TestNG.java:1150)
	at org.testng.TestNG.runSuites(TestNG.java:1075)
	at org.testng.TestNG.run(TestNG.java:1047)
	at org.testng.remote.AbstractRemoteTestNG.run(AbstractRemoteTestNG.java:126)
	at org.testng.remote.RemoteTestNG.initAndRun(RemoteTestNG.java:137)
	at org.testng.remote.RemoteTestNG.main(RemoteTestNG.java:58)
]]>
    </error>
  </testcase> <!-- hobbiesOptionsVisible -->
  <testcase name="isPrevButtonVisible" time="0.032" classname="testScripts.Motorcycle.EnterProductData"/>
  <testcase name="checkNextLabelInsSum" time="0.173" classname="testScripts.Motorcycle.EnterProductData"/>
  <testcase name="isDamageInsuranceDropDownVisible" time="0.040" classname="testScripts.Motorcycle.EnterProductData"/>
  <testcase name="verifyNextButtonText" time="0.054" classname="testScripts.Motorcycle.EnterProductData"/>
  <testcase name="validStartDateText" time="0.000" classname="testScripts.Motorcycle.EnterProductData">
    <error type="org.testng.TestNGException" message="
Data Provider public java.lang.String[] testScripts.Motorcycle.EnterProductData.startDateValid() throws java.io.IOException must return either Object[][] or Iterator&lt;Object&gt;[], not class [Ljava.lang.String;">
      <![CDATA[org.testng.TestNGException: 
Data Provider public java.lang.String[] testScripts.Motorcycle.EnterProductData.startDateValid() throws java.io.IOException must return either Object[][] or Iterator<Object>[], not class [Ljava.lang.String;
	at org.testng.internal.MethodInvocationHelper.invokeDataProvider(MethodInvocationHelper.java:157)
	at org.testng.internal.Parameters.handleParameters(Parameters.java:430)
	at org.testng.internal.Invoker.handleParameters(Invoker.java:1243)
	at org.testng.internal.Invoker.createParameters(Invoker.java:992)
	at org.testng.internal.Invoker.invokeTestMethods(Invoker.java:1082)
	at org.testng.internal.TestMethodWorker.invokeTestMethods(TestMethodWorker.java:129)
	at org.testng.internal.TestMethodWorker.run(TestMethodWorker.java:112)
	at org.testng.TestRunner.privateRun(TestRunner.java:778)
	at org.testng.TestRunner.run(TestRunner.java:632)
	at org.testng.SuiteRunner.runTest(SuiteRunner.java:366)
	at org.testng.SuiteRunner.runSequentially(SuiteRunner.java:361)
	at org.testng.SuiteRunner.privateRun(SuiteRunner.java:319)
	at org.testng.SuiteRunner.run(SuiteRunner.java:268)
	at org.testng.SuiteRunnerWorker.runSuite(SuiteRunnerWorker.java:52)
	at org.testng.SuiteRunnerWorker.run(SuiteRunnerWorker.java:86)
	at org.testng.TestNG.runSuitesSequentially(TestNG.java:1225)
	at org.testng.TestNG.runSuitesLocally(TestNG.java:1150)
	at org.testng.TestNG.runSuites(TestNG.java:1075)
	at org.testng.TestNG.run(TestNG.java:1047)
	at org.testng.remote.AbstractRemoteTestNG.run(AbstractRemoteTestNG.java:126)
	at org.testng.remote.RemoteTestNG.initAndRun(RemoteTestNG.java:137)
	at org.testng.remote.RemoteTestNG.main(RemoteTestNG.java:58)
]]>
    </error>
  </testcase> <!-- validStartDateText -->
  <testcase name="isInsuranceSumDropDownVisible" time="0.028" classname="testScripts.Motorcycle.EnterProductData"/>
  <testcase name="isOptionalProductsLabelVisible" time="0.025" classname="testScripts.Motorcycle.EnterProductData"/>
  <testcase name="isInsuranceSumLabelVisible" time="0.036" classname="testScripts.Motorcycle.EnterProductData"/>
  <testcase name="isNextButtonVisible" time="0.049" classname="testScripts.Motorcycle.EnterProductData"/>
  <testcase name="validInsuranceDropDown" time="0.189" classname="testScripts.Motorcycle.EnterProductData"/>
  <testcase name="validDamageInsuranceDropDownSelection" time="0.202" classname="testScripts.Motorcycle.EnterProductData"/>
  <testcase name="isStartDateTextBoxVisible" time="0.032" classname="testScripts.Motorcycle.EnterProductData"/>
  <testcase name="isCalendarButtonClickable" time="0.218" classname="testScripts.Motorcycle.EnterProductData"/>
  <testcase name="verifyOnClickPrevButton" time="1.155" classname="testScripts.Motorcycle.EnterProductData">
    <error type="org.openqa.selenium.ElementClickInterceptedException" message="element click intercepted: Element &lt;button id=&quot;preventerinsurancedata&quot; name=&quot;Prev (Enter Insurance Data)&quot; type=&quot;button&quot; class=&quot;prev&quot;&gt;...&lt;/button&gt; is not clickable at point (392, 415). Other element would receive the click: &lt;div id=&quot;ui-datepicker-div&quot; class=&quot;ui-datepicker ui-widget ui-widget-content ui-helper-clearfix ui-corner-all&quot; style=&quot;position: absolute; top: 362.594px; left: 345.5px; z-index: 1; display: block; width: 290px;&quot;&gt;...&lt;/div&gt;
  (Session info: chrome=84.0.4147.135)
Build info: version: &#039;3.141.59&#039;, revision: &#039;e82be7d358&#039;, time: &#039;2018-11-14T08:25:53&#039;
System info: host: &#039;A&#039;, ip: &#039;192.168.1.15&#039;, os.name: &#039;Windows 10&#039;, os.arch: &#039;amd64&#039;, os.version: &#039;10.0&#039;, java.version: &#039;1.8.0_251&#039;
Driver info: org.openqa.selenium.chrome.ChromeDriver
Capabilities {acceptInsecureCerts: false, browserName: chrome, browserVersion: 84.0.4147.135, chrome: {chromedriverVersion: 84.0.4147.30 (48b3e868b4cc0..., userDataDir: C:\Users\admin\AppData\Loca...}, goog:chromeOptions: {debuggerAddress: localhost:60724}, javascriptEnabled: true, networkConnectionEnabled: false, pageLoadStrategy: normal, platform: WINDOWS, platformName: WINDOWS, proxy: Proxy(), setWindowRect: true, strictFileInteractability: false, timeouts: {implicit: 0, pageLoad: 300000, script: 30000}, unhandledPromptBehavior: dismiss and notify, webauthn:virtualAuthenticators: true}
Session ID: 53e5853294936170584dae2af8214cf2">
      <![CDATA[org.openqa.selenium.ElementClickInterceptedException: element click intercepted: Element <button id="preventerinsurancedata" name="Prev (Enter Insurance Data)" type="button" class="prev">...</button> is not clickable at point (392, 415). Other element would receive the click: <div id="ui-datepicker-div" class="ui-datepicker ui-widget ui-widget-content ui-helper-clearfix ui-corner-all" style="position: absolute; top: 362.594px; left: 345.5px; z-index: 1; display: block; width: 290px;">...</div>
  (Session info: chrome=84.0.4147.135)
Build info: version: '3.141.59', revision: 'e82be7d358', time: '2018-11-14T08:25:53'
System info: host: 'A', ip: '192.168.1.15', os.name: 'Windows 10', os.arch: 'amd64', os.version: '10.0', java.version: '1.8.0_251'
Driver info: org.openqa.selenium.chrome.ChromeDriver
Capabilities {acceptInsecureCerts: false, browserName: chrome, browserVersion: 84.0.4147.135, chrome: {chromedriverVersion: 84.0.4147.30 (48b3e868b4cc0..., userDataDir: C:\Users\admin\AppData\Loca...}, goog:chromeOptions: {debuggerAddress: localhost:60724}, javascriptEnabled: true, networkConnectionEnabled: false, pageLoadStrategy: normal, platform: WINDOWS, platformName: WINDOWS, proxy: Proxy(), setWindowRect: true, strictFileInteractability: false, timeouts: {implicit: 0, pageLoad: 300000, script: 30000}, unhandledPromptBehavior: dismiss and notify, webauthn:virtualAuthenticators: true}
Session ID: 53e5853294936170584dae2af8214cf2
	at sun.reflect.NativeConstructorAccessorImpl.newInstance0(Native Method)
	at sun.reflect.NativeConstructorAccessorImpl.newInstance(Unknown Source)
	at sun.reflect.DelegatingConstructorAccessorImpl.newInstance(Unknown Source)
	at java.lang.reflect.Constructor.newInstance(Unknown Source)
	at org.openqa.selenium.remote.http.W3CHttpResponseCodec.createException(W3CHttpResponseCodec.java:187)
	at org.openqa.selenium.remote.http.W3CHttpResponseCodec.decode(W3CHttpResponseCodec.java:122)
	at org.openqa.selenium.remote.http.W3CHttpResponseCodec.decode(W3CHttpResponseCodec.java:49)
	at org.openqa.selenium.remote.HttpCommandExecutor.execute(HttpCommandExecutor.java:158)
	at org.openqa.selenium.remote.service.DriverCommandExecutor.execute(DriverCommandExecutor.java:83)
	at org.openqa.selenium.remote.RemoteWebDriver.execute(RemoteWebDriver.java:552)
	at org.openqa.selenium.remote.RemoteWebElement.execute(RemoteWebElement.java:285)
	at org.openqa.selenium.remote.RemoteWebElement.click(RemoteWebElement.java:84)
	at pages.Motorcycle.EnterProductData.ClickPrev(EnterProductData.java:153)
	at testScripts.Motorcycle.EnterProductData.verifyOnClickPrevButton(EnterProductData.java:118)
	at sun.reflect.NativeMethodAccessorImpl.invoke0(Native Method)
	at sun.reflect.NativeMethodAccessorImpl.invoke(Unknown Source)
	at sun.reflect.DelegatingMethodAccessorImpl.invoke(Unknown Source)
	at java.lang.reflect.Method.invoke(Unknown Source)
	at org.testng.internal.MethodInvocationHelper.invokeMethod(MethodInvocationHelper.java:86)
	at org.testng.internal.Invoker.invokeMethod(Invoker.java:646)
	at org.testng.internal.Invoker.invokeTestMethod(Invoker.java:823)
	at org.testng.internal.Invoker.invokeTestMethods(Invoker.java:1131)
	at org.testng.internal.TestMethodWorker.invokeTestMethods(TestMethodWorker.java:129)
	at org.testng.internal.TestMethodWorker.run(TestMethodWorker.java:112)
	at org.testng.TestRunner.privateRun(TestRunner.java:778)
	at org.testng.TestRunner.run(TestRunner.java:632)
	at org.testng.SuiteRunner.runTest(SuiteRunner.java:366)
	at org.testng.SuiteRunner.runSequentially(SuiteRunner.java:361)
	at org.testng.SuiteRunner.privateRun(SuiteRunner.java:319)
	at org.testng.SuiteRunner.run(SuiteRunner.java:268)
	at org.testng.SuiteRunnerWorker.runSuite(SuiteRunnerWorker.java:52)
	at org.testng.SuiteRunnerWorker.run(SuiteRunnerWorker.java:86)
	at org.testng.TestNG.runSuitesSequentially(TestNG.java:1225)
	at org.testng.TestNG.runSuitesLocally(TestNG.java:1150)
	at org.testng.TestNG.runSuites(TestNG.java:1075)
	at org.testng.TestNG.run(TestNG.java:1047)
	at org.testng.remote.AbstractRemoteTestNG.run(AbstractRemoteTestNG.java:126)
	at org.testng.remote.RemoteTestNG.initAndRun(RemoteTestNG.java:137)
	at org.testng.remote.RemoteTestNG.main(RemoteTestNG.java:58)
]]>
    </error>
  </testcase> <!-- verifyOnClickPrevButton -->
  <testcase name="isStartDateLabelVisible" time="0.028" classname="testScripts.Motorcycle.EnterProductData"/>
  <testcase name="isOptionalProductTextBoxVisible" time="0.039" classname="testScripts.Motorcycle.EnterProductData"/>
  <testcase name="damageInsuranceLabelVisible" time="0.043" classname="testScripts.Motorcycle.EnterProductData"/>
  <testcase name="verifyPrevButtonText" time="0.079" classname="testScripts.Motorcycle.EnterProductData"/>
  <testcase name="damageInsuranceOptionsVisible" time="0.000" classname="testScripts.Motorcycle.EnterProductData">
    <error type="org.testng.TestNGException" message="
Data Provider public java.lang.String[] testScripts.Motorcycle.EnterProductData.damageInsuranceOptions() throws java.io.IOException must return either Object[][] or Iterator&lt;Object&gt;[], not class [Ljava.lang.String;">
      <![CDATA[org.testng.TestNGException: 
Data Provider public java.lang.String[] testScripts.Motorcycle.EnterProductData.damageInsuranceOptions() throws java.io.IOException must return either Object[][] or Iterator<Object>[], not class [Ljava.lang.String;
	at org.testng.internal.MethodInvocationHelper.invokeDataProvider(MethodInvocationHelper.java:157)
	at org.testng.internal.Parameters.handleParameters(Parameters.java:430)
	at org.testng.internal.Invoker.handleParameters(Invoker.java:1243)
	at org.testng.internal.Invoker.createParameters(Invoker.java:992)
	at org.testng.internal.Invoker.invokeTestMethods(Invoker.java:1082)
	at org.testng.internal.TestMethodWorker.invokeTestMethods(TestMethodWorker.java:129)
	at org.testng.internal.TestMethodWorker.run(TestMethodWorker.java:112)
	at org.testng.TestRunner.privateRun(TestRunner.java:778)
	at org.testng.TestRunner.run(TestRunner.java:632)
	at org.testng.SuiteRunner.runTest(SuiteRunner.java:366)
	at org.testng.SuiteRunner.runSequentially(SuiteRunner.java:361)
	at org.testng.SuiteRunner.privateRun(SuiteRunner.java:319)
	at org.testng.SuiteRunner.run(SuiteRunner.java:268)
	at org.testng.SuiteRunnerWorker.runSuite(SuiteRunnerWorker.java:52)
	at org.testng.SuiteRunnerWorker.run(SuiteRunnerWorker.java:86)
	at org.testng.TestNG.runSuitesSequentially(TestNG.java:1225)
	at org.testng.TestNG.runSuitesLocally(TestNG.java:1150)
	at org.testng.TestNG.runSuites(TestNG.java:1075)
	at org.testng.TestNG.run(TestNG.java:1047)
	at org.testng.remote.AbstractRemoteTestNG.run(AbstractRemoteTestNG.java:126)
	at org.testng.remote.RemoteTestNG.initAndRun(RemoteTestNG.java:137)
	at org.testng.remote.RemoteTestNG.main(RemoteTestNG.java:58)
]]>
    </error>
  </testcase> <!-- damageInsuranceOptionsVisible -->
>>>>>>> af3df79d5ca505e6819af0d6e32521094b9e329f
</testsuite> <!-- testScripts.Motorcycle.EnterProductData -->
